==54299== Memcheck, a memory error detector
==54299== Copyright (C) 2002-2022, and GNU GPL'd, by Julian Seward et al.
==54299== Using Valgrind-3.21.0.GIT-lbmacos and LibVEX; rerun with -h for copyright info
==54299== Command: ./philo 4 310 200 100
==54299== Parent PID: 53497
==54299== 
--54299-- run: /usr/bin/dsymutil "./philo"
==54299== 
==54299== HEAP SUMMARY:
==54299==     in use at exit: 18,122 bytes in 162 blocks
==54299==   total heap usage: 179 allocs, 17 frees, 23,562 bytes allocated
==54299== 
==54299== LEAK SUMMARY:
==54299==    definitely lost: 0 bytes in 0 blocks
==54299==    indirectly lost: 0 bytes in 0 blocks
==54299==      possibly lost: 0 bytes in 0 blocks
==54299==    still reachable: 0 bytes in 0 blocks
==54299==         suppressed: 18,122 bytes in 162 blocks
==54299== 
==54299== For lists of detected and suppressed errors, rerun with: -s
==54299== ERROR SUMMARY: 0 errors from 0 contexts (suppressed: 7 from 7)
